Added Component: Designator=JP1(Pin(3X2.54mm))
Added Component: Designator=MT1(Micro-MaTch Famale 1.27mm/SMD)
Added Component: Designator=MT2(Micro-MaTch Famale 1.27mm/SMD)
Added Pin To Net: NetName=NetJP1_1 Pin=JP1-1
Added Pin To Net: NetName=NetJP1_1 Pin=MT1-8
Added Pin To Net: NetName=NetJP1_1 Pin=MT2-3
Added Net: Name=NetJP1_1
Added Pin To Net: NetName=NetJP1_2 Pin=JP1-2
Added Pin To Net: NetName=NetJP1_2 Pin=MT1-10
Added Pin To Net: NetName=NetJP1_2 Pin=MT2-1
Added Net: Name=NetJP1_2
Added Pin To Net: NetName=NetJP1_3 Pin=JP1-3
Added Pin To Net: NetName=NetJP1_3 Pin=MT1-9
Added Pin To Net: NetName=NetJP1_3 Pin=MT2-2
Added Net: Name=NetJP1_3
Added Pin To Net: NetName=NetMT1_1 Pin=MT1-1
Added Pin To Net: NetName=NetMT1_1 Pin=MT2-10
Added Net: Name=NetMT1_1
Added Pin To Net: NetName=NetMT1_2 Pin=MT1-2
Added Pin To Net: NetName=NetMT1_2 Pin=MT2-9
Added Net: Name=NetMT1_2
Added Pin To Net: NetName=NetMT1_3 Pin=MT1-3
Added Pin To Net: NetName=NetMT1_3 Pin=MT2-8
Added Net: Name=NetMT1_3
Added Pin To Net: NetName=NetMT1_4 Pin=MT1-4
Added Pin To Net: NetName=NetMT1_4 Pin=MT2-7
Added Net: Name=NetMT1_4
Added Pin To Net: NetName=NetMT1_5 Pin=MT1-5
Added Pin To Net: NetName=NetMT1_5 Pin=MT2-6
Added Net: Name=NetMT1_5
Added Pin To Net: NetName=NetMT1_6 Pin=MT1-6
Added Pin To Net: NetName=NetMT1_6 Pin=MT2-5
Added Net: Name=NetMT1_6
Added Pin To Net: NetName=NetMT1_7 Pin=MT1-7
Added Pin To Net: NetName=NetMT1_7 Pin=MT2-4
Added Net: Name=NetMT1_7
Added Class: Name=Modulo Servo
Added Room: Name=Modulo Servo
